-------------------------------------------------------------------------------
Test set: com.quickparkassist.QuickParkAssistApplicationTests
-------------------------------------------------------------------------------
Tests run: 2, Failures: 0, Errors: 1, Skipped: 0, Time elapsed: 2.725 s <<< FAILURE! - in com.quickparkassist.QuickParkAssistApplicationTests
testMain  Time elapsed: 2.71 s  <<< ERROR!
org.springframework.context.ApplicationContextException: Failed to start bean 'webServerStartStop'; nested exception is org.springframework.boot.web.server.PortInUseException: Port 8082 is already in use
	at com.quickparkassist.QuickParkAssistApplicationTests.testMain(QuickParkAssistApplicationTests.java:27)
Caused by: org.springframework.boot.web.server.PortInUseException: Port 8082 is already in use
	at com.quickparkassist.QuickParkAssistApplicationTests.testMain(QuickParkAssistApplicationTests.java:27)
Caused by: java.lang.IllegalArgumentException: standardService.connector.startFailed
	at com.quickparkassist.QuickParkAssistApplicationTests.testMain(QuickParkAssistApplicationTests.java:27)
Caused by: org.apache.catalina.LifecycleException: Protocol handler start failed
	at com.quickparkassist.QuickParkAssistApplicationTests.testMain(QuickParkAssistApplicationTests.java:27)
Caused by: java.net.BindException: Address already in use: bind
	at com.quickparkassist.QuickParkAssistApplicationTests.testMain(QuickParkAssistApplicationTests.java:27)

