<?xml version="1.0" encoding="UTF-8"?>
<testsuite xmlns:xsi="http://www.w3.org/2001/XMLSchema-instance" xsi:noNamespaceSchemaLocation="https://maven.apache.org/surefire/maven-surefire-plugin/xsd/surefire-test-report.xsd" name="com.quickparkassist.QuickParkAssistApplicationTests" time="2.725" tests="2" errors="1" skipped="0" failures="0">
  <properties>
[...]
</properties>
  <testcase name="testMain" classname="com.quickparkassist.QuickParkAssistApplicationTests" time="2.71">
    <error message="Failed to start bean &apos;webServerStartStop&apos;; nested exception is org.springframework.boot.web.server.PortInUseException: Port 8082 is already in use" type="org.springframework.context.ApplicationContextException">org.springframework.context.ApplicationContextException: Failed to start bean 'webServerStartStop'; nested exception is org.springframework.boot.web.server.PortInUseException: Port 8082 is already in use
	at com.quickparkassist.QuickParkAssistApplicationTests.testMain(QuickParkAssistApplicationTests.java:27)
Caused by: org.springframework.boot.web.server.PortInUseException: Port 8082 is already in use
	at com.quickparkassist.QuickParkAssistApplicationTests.testMain(QuickParkAssistApplicationTests.java:27)
Caused by: java.lang.IllegalArgumentException: standardService.connector.startFailed
	at com.quickparkassist.QuickParkAssistApplicationTests.testMain(QuickParkAssistApplicationTests.java:27)
Caused by: org.apache.catalina.LifecycleException: Protocol handler start failed
	at com.quickparkassist.QuickParkAssistApplicationTests.testMain(QuickParkAssistApplicationTests.java:27)
Caused by: java.net.BindException: Address already in use: bind
	at com.quickparkassist.QuickParkAssistApplicationTests.testMain(QuickParkAssistApplicationTests.java:27)
</error>
    <system-out><![CDATA[2025-01-29 16:49:18.121  INFO 31140 --- [           main] .b.t.c.SpringBootTestContextBootstrapper : Neither @ContextConfiguration nor @ContextHierarchy found for test class [com.quickparkassist.QuickParkAssistApplicationTests], using SpringBootContextLoader
2025-01-29 16:49:18.121  INFO 31140 --- [           main] o.s.t.c.support.AbstractContextLoader    : Could not detect default resource locations for test class [com.quickparkassist.QuickParkAssistApplicationTests]: no resource found for suffixes {-context.xml, Context.groovy}.
2025-01-29 16:49:18.121  INFO 31140 --- [           main] t.c.s.AnnotationConfigContextLoaderUtils : Could not detect default configuration classes for test class [com.quickparkassist.QuickParkAssistApplicationTests]: QuickParkAssistApplicationTests does not declare any static, non-private, non-final, nested classes annotated with @Configuration.
2025-01-29 16:49:18.138  INFO 31140 --- [           main] .b.t.c.SpringBootTestContextBootstrapper : Found @SpringBootConfiguration com.quickparkassist.QuickParkAssistApplication for test class com.quickparkassist.QuickParkAssistApplicationTests
2025-01-29 16:49:18.140  INFO 31140 --- [           main] .b.t.c.SpringBootTestContextBootstrapper : Loaded default TestExecutionListener class names from location [META-INF/spring.factories]: [org.springframework.boot.test.mock.mockito.MockitoTestExecutionListener, org.springframework.boot.test.mock.mockito.ResetMocksTestExecutionListener, org.springframework.boot.test.autoconfigure.restdocs.RestDocsTestExecutionListener, org.springframework.boot.test.autoconfigure.web.client.MockRestServiceServerResetTestExecutionListener, org.springframework.boot.test.autoconfigure.web.servlet.MockMvcPrintOnlyOnFailureTestExecutionListener, org.springframework.boot.test.autoconfigure.web.servlet.WebDriverTestExecutionListener, org.springframework.boot.test.autoconfigure.webservices.client.MockWebServiceServerTestExecutionListener, org.springframework.test.context.web.ServletTestExecutionListener, org.springframework.test.context.support.DirtiesContextBeforeModesTestExecutionListener, org.springframework.test.context.support.DependencyInjectionTestExecutionListener, org.springframework.test.context.support.DirtiesContextTestExecutionListener, org.springframework.test.context.transaction.TransactionalTestExecutionListener, org.springframework.test.context.jdbc.SqlScriptsTestExecutionListener, org.springframework.test.context.event.EventPublishingTestExecutionListener, org.springframework.security.test.context.support.WithSecurityContextTestExecutionListener, org.springframework.security.test.context.support.ReactorContextTestExecutionListener]
2025-01-29 16:49:18.140  INFO 31140 --- [           main] .b.t.c.SpringBootTestContextBootstrapper : Using TestExecutionListeners: [org.springframework.test.context.web.ServletTestExecutionListener@5feb391e, org.springframework.test.context.support.DirtiesContextBeforeModesTestExecutionListener@7cb7bfe8, org.springframework.boot.test.mock.mockito.MockitoTestExecutionListener@1377648b, org.springframework.boot.test.autoconfigure.SpringBootDependencyInjectionTestExecutionListener@5eb45ee4, org.springframework.test.context.support.DirtiesContextTestExecutionListener@5891afe5, org.springframework.test.context.transaction.TransactionalTestExecutionListener@191803e0, org.springframework.test.context.jdbc.SqlScriptsTestExecutionListener@31e36f74, org.springframework.test.context.event.EventPublishingTestExecutionListener@4ddc44d2, org.springframework.security.test.context.support.WithSecurityContextTestExecutionListener@1867340b, org.springframework.security.test.context.support.ReactorContextTestExecutionListener@41b923e4, org.springframework.boot.test.mock.mockito.ResetMocksTestExecutionListener@6b8b7c68, org.springframework.boot.test.autoconfigure.restdocs.RestDocsTestExecutionListener@445e4f1f, org.springframework.boot.test.autoconfigure.web.client.MockRestServiceServerResetTestExecutionListener@6538fcf3, org.springframework.boot.test.autoconfigure.web.servlet.MockMvcPrintOnlyOnFailureTestExecutionListener@6d1655b3, org.springframework.boot.test.autoconfigure.web.servlet.WebDriverTestExecutionListener@5dce1c45, org.springframework.boot.test.autoconfigure.webservices.client.MockWebServiceServerTestExecutionListener@6bde8654]

  .   ____          _            __ _ _
 /\\ / ___'_ __ _ _(_)_ __  __ _ \ \ \ \
( ( )\___ | '_ | '_| | '_ \/ _` | \ \ \ \
 \\/  ___)| |_)| | | | | || (_| |  ) ) ) )
  '  |____| .__|_| |_|_| |_\__, | / / / /
 =========|_|==============|___/=/_/_/_/
 :: Spring Boot ::        (v2.3.0.RELEASE)

2025-01-29 16:49:18.339  INFO 31140 --- [           main] c.q.QuickParkAssistApplication           : Starting QuickParkAssistApplication on Harry with PID 31140 (started by Harmandeep Singh in C:\Users\manji\Downloads\quick-park-assist\quick-park-assist)
2025-01-29 16:49:18.340  INFO 31140 --- [           main] c.q.QuickParkAssistApplication           : No active profile set, falling back to default profiles: default
2025-01-29 16:49:19.139  INFO 31140 --- [           main] .s.d.r.c.RepositoryConfigurationDelegate : Bootstrapping Spring Data JPA repositories in DEFERRED mode.
2025-01-29 16:49:19.193  INFO 31140 --- [           main] .s.d.r.c.RepositoryConfigurationDelegate : Finished Spring Data repository scanning in 53ms. Found 9 JPA repository interfaces.
2025-01-29 16:49:19.649  INFO 31140 --- [           main] o.s.b.w.embedded.tomcat.TomcatWebServer  : Tomcat initialized with port(s): 8082 (http)
2025-01-29 16:49:19.676  INFO 31140 --- [           main] o.apache.catalina.core.StandardService   : Starting service [Tomcat]
2025-01-29 16:49:19.676  INFO 31140 --- [           main] org.apache.catalina.core.StandardEngine  : Starting Servlet engine: [Apache Tomcat/9.0.35]
2025-01-29 16:49:19.959  INFO 31140 --- [           main] o.a.c.c.C.[Tomcat].[localhost].[/]       : Initializing Spring embedded WebApplicationContext
2025-01-29 16:49:19.959  INFO 31140 --- [           main] o.s.web.context.ContextLoader            : Root WebApplicationContext: initialization completed in 1615 ms
2025-01-29 16:49:20.153  INFO 31140 --- [           main] o.s.s.concurrent.ThreadPoolTaskExecutor  : Initializing ExecutorService 'applicationTaskExecutor'
2025-01-29 16:49:20.168  INFO 31140 --- [         task-1] o.hibernate.jpa.internal.util.LogHelper  : HHH000204: Processing PersistenceUnitInfo [name: default]
2025-01-29 16:49:20.177 DEBUG 31140 --- [         task-1] org.hibernate.type.BasicTypeRegistry     : Adding type registration boolean -> org.hibernate.type.BooleanType@1e5cded6
2025-01-29 16:49:20.177 DEBUG 31140 --- [         task-1] org.hibernate.type.BasicTypeRegistry     : Adding type registration boolean -> org.hibernate.type.BooleanType@1e5cded6
2025-01-29 16:49:20.178 DEBUG 31140 --- [         task-1] org.hibernate.type.BasicTypeRegistry     : Adding type registration java.lang.Boolean -> org.hibernate.type.BooleanType@1e5cded6
2025-01-29 16:49:20.178 DEBUG 31140 --- [         task-1] org.hibernate.type.BasicTypeRegistry     : Adding type registration numeric_boolean -> org.hibernate.type.NumericBooleanType@751e632a
2025-01-29 16:49:20.178 DEBUG 31140 --- [         task-1] org.hibernate.type.BasicTypeRegistry     : Adding type registration true_false -> org.hibernate.type.TrueFalseType@37875b6a
2025-01-29 16:49:20.178 DEBUG 31140 --- [         task-1] org.hibernate.type.BasicTypeRegistry     : Adding type registration yes_no -> org.hibernate.type.YesNoType@61349cdd
2025-01-29 16:49:20.179 DEBUG 31140 --- [         task-1] org.hibernate.type.BasicTypeRegistry     : Adding type registration byte -> org.hibernate.type.ByteType@35453dc
2025-01-29 16:49:20.179 DEBUG 31140 --- [         task-1] org.hibernate.type.BasicTypeRegistry     : Adding type registration byte -> org.hibernate.type.ByteType@35453dc
2025-01-29 16:49:20.179 DEBUG 31140 --- [         task-1] org.hibernate.type.BasicTypeRegistry     : Adding type registration java.lang.Byte -> org.hibernate.type.ByteType@35453dc
2025-01-29 16:49:20.179 DEBUG 31140 --- [         task-1] org.hibernate.type.BasicTypeRegistry     : Adding type registration character -> org.hibernate.type.CharacterType@4432f623
2025-01-29 16:49:20.179 DEBUG 31140 --- [         task-1] org.hibernate.type.BasicTypeRegistry     : Adding type registration char -> org.hibernate.type.CharacterType@4432f623
2025-01-29 16:49:20.179 DEBUG 31140 --- [         task-1] org.hibernate.type.BasicTypeRegistry     : Adding type registration java.lang.Character -> org.hibernate.type.CharacterType@4432f623
2025-01-29 16:49:20.179 DEBUG 31140 --- [         task-1] org.hibernate.type.BasicTypeRegistry     : Adding type registration short -> org.hibernate.type.ShortType@6870028
2025-01-29 16:49:20.179 DEBUG 31140 --- [         task-1] org.hibernate.type.BasicTypeRegistry     : Adding type registration short -> org.hibernate.type.ShortType@6870028
2025-01-29 16:49:20.179 DEBUG 31140 --- [         task-1] org.hibernate.type.BasicTypeRegistry     : Adding type registration java.lang.Short -> org.hibernate.type.ShortType@6870028
2025-01-29 16:49:20.179 DEBUG 31140 --- [         task-1] org.hibernate.type.BasicTypeRegistry     : Adding type registration integer -> org.hibernate.type.IntegerType@e8ebd3c
2025-01-29 16:49:20.179 DEBUG 31140 --- [         task-1] org.hibernate.type.BasicTypeRegistry     : Adding type registration int -> org.hibernate.type.IntegerType@e8ebd3c
2025-01-29 16:49:20.179 DEBUG 31140 --- [         task-1] org.hibernate.type.BasicTypeRegistry     : Adding type registration java.lang.Integer -> org.hibernate.type.IntegerType@e8ebd3c
2025-01-29 16:49:20.179 DEBUG 31140 --- [         task-1] org.hibernate.type.BasicTypeRegistry     : Adding type registration long -> org.hibernate.type.LongType@14f8ca45
2025-01-29 16:49:20.180 DEBUG 31140 --- [         task-1] org.hibernate.type.BasicTypeRegistry     : Adding type registration long -> org.hibernate.type.LongType@14f8ca45
2025-01-29 16:49:20.180 DEBUG 31140 --- [         task-1] org.hibernate.type.BasicTypeRegistry     : Adding type registration java.lang.Long -> org.hibernate.type.LongType@14f8ca45
2025-01-29 16:49:20.180 DEBUG 31140 --- [         task-1] org.hibernate.type.BasicTypeRegistry     : Adding type registration float -> org.hibernate.type.FloatType@210bdb8e
2025-01-29 16:49:20.180 DEBUG 31140 --- [         task-1] org.hibernate.type.BasicTypeRegistry     : Adding type registration float -> org.hibernate.type.FloatType@210bdb8e
2025-01-29 16:49:20.180 DEBUG 31140 --- [         task-1] org.hibernate.type.BasicTypeRegistry     : Adding type registration java.lang.Float -> org.hibernate.type.FloatType@210bdb8e
2025-01-29 16:49:20.180 DEBUG 31140 --- [         task-1] org.hibernate.type.BasicTypeRegistry     : Adding type registration double -> org.hibernate.type.DoubleType@5ebe1552
2025-01-29 16:49:20.180 DEBUG 31140 --- [         task-1] org.hibernate.type.BasicTypeRegistry     : Adding type registration double -> org.hibernate.type.DoubleType@5ebe1552
2025-01-29 16:49:20.180 DEBUG 31140 --- [         task-1] org.hibernate.type.BasicTypeRegistry     : Adding type registration java.lang.Double -> org.hibernate.type.DoubleType@5ebe1552
2025-01-29 16:49:20.180 DEBUG 31140 --- [         task-1] org.hibernate.type.BasicTypeRegistry     : Adding type registration big_decimal -> org.hibernate.type.BigDecimalType@5c652a4e
2025-01-29 16:49:20.180 DEBUG 31140 --- [         task-1] org.hibernate.type.BasicTypeRegistry     : Adding type registration java.math.BigDecimal -> org.hibernate.type.BigDecimalType@5c652a4e
2025-01-29 16:49:20.180 DEBUG 31140 --- [         task-1] org.hibernate.type.BasicTypeRegistry     : Adding type registration big_integer -> org.hibernate.type.BigIntegerType@547cc110
2025-01-29 16:49:20.180 DEBUG 31140 --- [         task-1] org.hibernate.type.BasicTypeRegistry     : Adding type registration java.math.BigInteger -> org.hibernate.type.BigIntegerType@547cc110
2025-01-29 16:49:20.180 DEBUG 31140 --- [         task-1] org.hibernate.type.BasicTypeRegistry     : Adding type registration string -> org.hibernate.type.StringType@2a40d302
2025-01-29 16:49:20.180 DEBUG 31140 --- [         task-1] org.hibernate.type.BasicTypeRegistry     : Adding type registration java.lang.String -> org.hibernate.type.StringType@2a40d302
2025-01-29 16:49:20.180 DEBUG 31140 --- [         task-1] org.hibernate.type.BasicTypeRegistry     : Adding type registration nstring -> org.hibernate.type.StringNVarcharType@1d48a31
2025-01-29 16:49:20.180 DEBUG 31140 --- [         task-1] org.hibernate.type.BasicTypeRegistry     : Adding type registration ncharacter -> org.hibernate.type.CharacterNCharType@61022ddb
2025-01-29 16:49:20.180 DEBUG 31140 --- [         task-1] org.hibernate.type.BasicTypeRegistry     : Adding type registration url -> org.hibernate.type.UrlType@4ea505e2
2025-01-29 16:49:20.180 DEBUG 31140 --- [         task-1] org.hibernate.type.BasicTypeRegistry     : Adding type registration java.net.URL -> org.hibernate.type.UrlType@4ea505e2
2025-01-29 16:49:20.180 DEBUG 31140 --- [         task-1] org.hibernate.type.BasicTypeRegistry     : Adding type registration Duration -> org.hibernate.type.DurationType@3810e141
2025-01-29 16:49:20.181 DEBUG 31140 --- [         task-1] org.hibernate.type.BasicTypeRegistry     : Adding type registration java.time.Duration -> org.hibernate.type.DurationType@3810e141
2025-01-29 16:49:20.181 DEBUG 31140 --- [         task-1] org.hibernate.type.BasicTypeRegistry     : Adding type registration Instant -> org.hibernate.type.InstantType@1b14ace7
2025-01-29 16:49:20.181 DEBUG 31140 --- [         task-1] org.hibernate.type.BasicTypeRegistry     : Adding type registration java.time.Instant -> org.hibernate.type.InstantType@1b14ace7
2025-01-29 16:49:20.181 DEBUG 31140 --- [         task-1] org.hibernate.type.BasicTypeRegistry     : Adding type registration LocalDateTime -> org.hibernate.type.LocalDateTimeType@3c554dd5
2025-01-29 16:49:20.181 DEBUG 31140 --- [         task-1] org.hibernate.type.BasicTypeRegistry     : Adding type registration java.time.LocalDateTime -> org.hibernate.type.LocalDateTimeType@3c554dd5
2025-01-29 16:49:20.181 DEBUG 31140 --- [         task-1] org.hibernate.type.BasicTypeRegistry     : Adding type registration LocalDate -> org.hibernate.type.LocalDateType@39459b5a
2025-01-29 16:49:20.182 DEBUG 31140 --- [         task-1] org.hibernate.type.BasicTypeRegistry     : Adding type registration java.time.LocalDate -> org.hibernate.type.LocalDateType@39459b5a
2025-01-29 16:49:20.182 DEBUG 31140 --- [         task-1] org.hibernate.type.BasicTypeRegistry     : Adding type registration LocalTime -> org.hibernate.type.LocalTimeType@4d228131
2025-01-29 16:49:20.182 DEBUG 31140 --- [         task-1] org.hibernate.type.BasicTypeRegistry     : Adding type registration java.time.LocalTime -> org.hibernate.type.LocalTimeType@4d228131
2025-01-29 16:49:20.182 DEBUG 31140 --- [         task-1] org.hibernate.type.BasicTypeRegistry     : Adding type registration OffsetDateTime -> org.hibernate.type.OffsetDateTimeType@4df62e64
2025-01-29 16:49:20.182 DEBUG 31140 --- [         task-1] org.hibernate.type.BasicTypeRegistry     : Adding type registration java.time.OffsetDateTime -> org.hibernate.type.OffsetDateTimeType@4df62e64
2025-01-29 16:49:20.182 DEBUG 31140 --- [         task-1] org.hibernate.type.BasicTypeRegistry     : Adding type registration OffsetTime -> org.hibernate.type.OffsetTimeType@4cf48c54
2025-01-29 16:49:20.182 DEBUG 31140 --- [         task-1] org.hibernate.type.BasicTypeRegistry     : Adding type registration java.time.OffsetTime -> org.hibernate.type.OffsetTimeType@4cf48c54
2025-01-29 16:49:20.182 DEBUG 31140 --- [         task-1] org.hibernate.type.BasicTypeRegistry     : Adding type registration ZonedDateTime -> org.hibernate.type.ZonedDateTimeType@66d43e76
2025-01-29 16:49:20.182 DEBUG 31140 --- [         task-1] org.hibernate.type.BasicTypeRegistry     : Adding type registration java.time.ZonedDateTime -> org.hibernate.type.ZonedDateTimeType@66d43e76
2025-01-29 16:49:20.182 DEBUG 31140 --- [         task-1] org.hibernate.type.BasicTypeRegistry     : Adding type registration date -> org.hibernate.type.DateType@1332f32
2025-01-29 16:49:20.183 DEBUG 31140 --- [         task-1] org.hibernate.type.BasicTypeRegistry     : Adding type registration java.sql.Date -> org.hibernate.type.DateType@1332f32
2025-01-29 16:49:20.183 DEBUG 31140 --- [         task-1] org.hibernate.type.BasicTypeRegistry     : Adding type registration time -> org.hibernate.type.TimeType@1af29de
2025-01-29 16:49:20.183 DEBUG 31140 --- [         task-1] org.hibernate.type.BasicTypeRegistry     : Adding type registration java.sql.Time -> org.hibernate.type.TimeType@1af29de
2025-01-29 16:49:20.183 DEBUG 31140 --- [         task-1] org.hibernate.type.BasicTypeRegistry     : Adding type registration timestamp -> org.hibernate.type.TimestampType@5063fdd
2025-01-29 16:49:20.183 DEBUG 31140 --- [         task-1] org.hibernate.type.BasicTypeRegistry     : Adding type registration java.sql.Timestamp -> org.hibernate.type.TimestampType@5063fdd
2025-01-29 16:49:20.183 DEBUG 31140 --- [         task-1] org.hibernate.type.BasicTypeRegistry     : Adding type registration java.util.Date -> org.hibernate.type.TimestampType@5063fdd
2025-01-29 16:49:20.183 DEBUG 31140 --- [         task-1] org.hibernate.type.BasicTypeRegistry     : Adding type registration dbtimestamp -> org.hibernate.type.DbTimestampType@374334c1
2025-01-29 16:49:20.183 DEBUG 31140 --- [         task-1] org.hibernate.type.BasicTypeRegistry     : Adding type registration calendar -> org.hibernate.type.CalendarType@2f045b3c
2025-01-29 16:49:20.183 DEBUG 31140 --- [         task-1] org.hibernate.type.BasicTypeRegistry     : Adding type registration java.util.Calendar -> org.hibernate.type.CalendarType@2f045b3c
2025-01-29 16:49:20.183 DEBUG 31140 --- [         task-1] org.hibernate.type.BasicTypeRegistry     : Adding type registration java.util.GregorianCalendar -> org.hibernate.type.CalendarType@2f045b3c
2025-01-29 16:49:20.183 DEBUG 31140 --- [         task-1] org.hibernate.type.BasicTypeRegistry     : Adding type registration calendar_date -> org.hibernate.type.CalendarDateType@5352625
2025-01-29 16:49:20.183 DEBUG 31140 --- [         task-1] org.hibernate.type.BasicTypeRegistry     : Adding type registration calendar_time -> org.hibernate.type.CalendarTimeType@199f6691
2025-01-29 16:49:20.183 DEBUG 31140 --- [         task-1] org.hibernate.type.BasicTypeRegistry     : Adding type registration locale -> org.hibernate.type.LocaleType@5b67d66c
2025-01-29 16:49:20.183 DEBUG 31140 --- [         task-1] org.hibernate.type.BasicTypeRegistry     : Adding type registration java.util.Locale -> org.hibernate.type.LocaleType@5b67d66c
2025-01-29 16:49:20.183 DEBUG 31140 --- [         task-1] org.hibernate.type.BasicTypeRegistry     : Adding type registration currency -> org.hibernate.type.CurrencyType@406d6595
2025-01-29 16:49:20.183 DEBUG 31140 --- [         task-1] org.hibernate.type.BasicTypeRegistry     : Adding type registration java.util.Currency -> org.hibernate.type.CurrencyType@406d6595
2025-01-29 16:49:20.183 DEBUG 31140 --- [         task-1] org.hibernate.type.BasicTypeRegistry     : Adding type registration timezone -> org.hibernate.type.TimeZoneType@16a5bf77
2025-01-29 16:49:20.183 DEBUG 31140 --- [         task-1] org.hibernate.type.BasicTypeRegistry     : Adding type registration java.util.TimeZone -> org.hibernate.type.TimeZoneType@16a5bf77
2025-01-29 16:49:20.183 DEBUG 31140 --- [         task-1] org.hibernate.type.BasicTypeRegistry     : Adding type registration class -> org.hibernate.type.ClassType@192f28bd
2025-01-29 16:49:20.183 DEBUG 31140 --- [         task-1] org.hibernate.type.BasicTypeRegistry     : Adding type registration java.lang.Class -> org.hibernate.type.ClassType@192f28bd
2025-01-29 16:49:20.183 DEBUG 31140 --- [         task-1] org.hibernate.type.BasicTypeRegistry     : Adding type registration uuid-binary -> org.hibernate.type.UUIDBinaryType@627dcd12
2025-01-29 16:49:20.183 DEBUG 31140 --- [         task-1] org.hibernate.type.BasicTypeRegistry     : Adding type registration java.util.UUID -> org.hibernate.type.UUIDBinaryType@627dcd12
2025-01-29 16:49:20.183 DEBUG 31140 --- [         task-1] org.hibernate.type.BasicTypeRegistry     : Adding type registration uuid-char -> org.hibernate.type.UUIDCharType@3bcb3510
2025-01-29 16:49:20.183 DEBUG 31140 --- [         task-1] org.hibernate.type.BasicTypeRegistry     : Adding type registration binary -> org.hibernate.type.BinaryType@1476359e
2025-01-29 16:49:20.183 DEBUG 31140 --- [         task-1] org.hibernate.type.BasicTypeRegistry     : Adding type registration byte[] -> org.hibernate.type.BinaryType@1476359e
2025-01-29 16:49:20.183 DEBUG 31140 --- [         task-1] org.hibernate.type.BasicTypeRegistry     : Adding type registration [B -> org.hibernate.type.BinaryType@1476359e
2025-01-29 16:49:20.184 DEBUG 31140 --- [         task-1] org.hibernate.type.BasicTypeRegistry     : Adding type registration wrapper-binary -> org.hibernate.type.WrapperBinaryType@7f5435ab
2025-01-29 16:49:20.184 DEBUG 31140 --- [         task-1] org.hibernate.type.BasicTypeRegistry     : Adding type registration Byte[] -> org.hibernate.type.WrapperBinaryType@7f5435ab
2025-01-29 16:49:20.184 DEBUG 31140 --- [         task-1] org.hibernate.type.BasicTypeRegistry     : Adding type registration [Ljava.lang.Byte; -> org.hibernate.type.WrapperBinaryType@7f5435ab
2025-01-29 16:49:20.184 DEBUG 31140 --- [         task-1] org.hibernate.type.BasicTypeRegistry     : Adding type registration row_version -> org.hibernate.type.RowVersionType@13ff5061
2025-01-29 16:49:20.185 DEBUG 31140 --- [         task-1] org.hibernate.type.BasicTypeRegistry     : Adding type registration image -> org.hibernate.type.ImageType@4b35c252
2025-01-29 16:49:20.185 DEBUG 31140 --- [         task-1] org.hibernate.type.BasicTypeRegistry     : Adding type registration characters -> org.hibernate.type.CharArrayType@346a8a46
2025-01-29 16:49:20.185 DEBUG 31140 --- [         task-1] org.hibernate.type.BasicTypeRegistry     : Adding type registration char[] -> org.hibernate.type.CharArrayType@346a8a46
2025-01-29 16:49:20.185 DEBUG 31140 --- [         task-1] org.hibernate.type.BasicTypeRegistry     : Adding type registration [C -> org.hibernate.type.CharArrayType@346a8a46
2025-01-29 16:49:20.185 DEBUG 31140 --- [         task-1] org.hibernate.type.BasicTypeRegistry     : Adding type registration wrapper-characters -> org.hibernate.type.CharacterArrayType@59d3cc71
2025-01-29 16:49:20.185 DEBUG 31140 --- [         task-1] org.hibernate.type.BasicTypeRegistry     : Adding type registration [Ljava.lang.Character; -> org.hibernate.type.CharacterArrayType@59d3cc71
2025-01-29 16:49:20.185 DEBUG 31140 --- [         task-1] org.hibernate.type.BasicTypeRegistry     : Adding type registration Character[] -> org.hibernate.type.CharacterArrayType@59d3cc71
2025-01-29 16:49:20.185 DEBUG 31140 --- [         task-1] org.hibernate.type.BasicTypeRegistry     : Adding type registration text -> org.hibernate.type.TextType@6dd3a1a1
2025-01-29 16:49:20.185 DEBUG 31140 --- [         task-1] org.hibernate.type.BasicTypeRegistry     : Adding type registration ntext -> org.hibernate.type.NTextType@5ecfcaa3
2025-01-29 16:49:20.185 DEBUG 31140 --- [         task-1] org.hibernate.type.BasicTypeRegistry     : Adding type registration blob -> org.hibernate.type.BlobType@46e241b
2025-01-29 16:49:20.185 DEBUG 31140 --- [         task-1] org.hibernate.type.BasicTypeRegistry     : Adding type registration java.sql.Blob -> org.hibernate.type.BlobType@46e241b
2025-01-29 16:49:20.185 DEBUG 31140 --- [         task-1] org.hibernate.type.BasicTypeRegistry     : Adding type registration materialized_blob -> org.hibernate.type.MaterializedBlobType@4cefa0fa
2025-01-29 16:49:20.186 DEBUG 31140 --- [         task-1] org.hibernate.type.BasicTypeRegistry     : Adding type registration clob -> org.hibernate.type.ClobType@7d207bee
2025-01-29 16:49:20.186 DEBUG 31140 --- [         task-1] org.hibernate.type.BasicTypeRegistry     : Adding type registration java.sql.Clob -> org.hibernate.type.ClobType@7d207bee
2025-01-29 16:49:20.186 DEBUG 31140 --- [         task-1] org.hibernate.type.BasicTypeRegistry     : Adding type registration nclob -> org.hibernate.type.NClobType@1cd50f37
2025-01-29 16:49:20.186 DEBUG 31140 --- [         task-1] org.hibernate.type.BasicTypeRegistry     : Adding type registration java.sql.NClob -> org.hibernate.type.NClobType@1cd50f37
2025-01-29 16:49:20.186 DEBUG 31140 --- [         task-1] org.hibernate.type.BasicTypeRegistry     : Adding type registration materialized_clob -> org.hibernate.type.MaterializedClobType@792ae10d
2025-01-29 16:49:20.186 DEBUG 31140 --- [         task-1] org.hibernate.type.BasicTypeRegistry     : Adding type registration materialized_nclob -> org.hibernate.type.MaterializedNClobType@78633092
2025-01-29 16:49:20.186 DEBUG 31140 --- [         task-1] org.hibernate.type.BasicTypeRegistry     : Adding type registration serializable -> org.hibernate.type.SerializableType@6ed68a2e
2025-01-29 16:49:20.186 DEBUG 31140 --- [         task-1] org.hibernate.type.BasicTypeRegistry     : Adding type registration object -> org.hibernate.type.ObjectType@925e0c8
2025-01-29 16:49:20.186 DEBUG 31140 --- [         task-1] org.hibernate.type.BasicTypeRegistry     : Adding type registration java.lang.Object -> org.hibernate.type.ObjectType@925e0c8
2025-01-29 16:49:20.186 DEBUG 31140 --- [         task-1] org.hibernate.type.BasicTypeRegistry     : Adding type registration imm_date -> org.hibernate.type.AdaptedImmutableType@53e18682
2025-01-29 16:49:20.186 DEBUG 31140 --- [         task-1] org.hibernate.type.BasicTypeRegistry     : Adding type registration imm_time -> org.hibernate.type.AdaptedImmutableType@2a9357bf
2025-01-29 16:49:20.186 DEBUG 31140 --- [         task-1] org.hibernate.type.BasicTypeRegistry     : Adding type registration imm_timestamp -> org.hibernate.type.AdaptedImmutableType@266bdd3
2025-01-29 16:49:20.186 DEBUG 31140 --- [         task-1] org.hibernate.type.BasicTypeRegistry     : Adding type registration imm_dbtimestamp -> org.hibernate.type.AdaptedImmutableType@5e03b125
2025-01-29 16:49:20.187 DEBUG 31140 --- [         task-1] org.hibernate.type.BasicTypeRegistry     : Adding type registration imm_calendar -> org.hibernate.type.AdaptedImmutableType@189e9f1
2025-01-29 16:49:20.187 DEBUG 31140 --- [         task-1] org.hibernate.type.BasicTypeRegistry     : Adding type registration imm_calendar_date -> org.hibernate.type.AdaptedImmutableType@319778d0
2025-01-29 16:49:20.187 DEBUG 31140 --- [         task-1] org.hibernate.type.BasicTypeRegistry     : Adding type registration imm_binary -> org.hibernate.type.AdaptedImmutableType@628c314
2025-01-29 16:49:20.187 DEBUG 31140 --- [         task-1] org.hibernate.type.BasicTypeRegistry     : Adding type registration imm_serializable -> org.hibernate.type.AdaptedImmutableType@4561c06d
2025-01-29 16:49:20.190  INFO 31140 --- [         task-1] com.zaxxer.hikari.HikariDataSource       : HikariPool-2 - Starting...
2025-01-29 16:49:20.202  WARN 31140 --- [           main] JpaBaseConfiguration$JpaWebConfiguration : spring.jpa.open-in-view is enabled by default. Therefore, database queries may be performed during view rendering. Explicitly configure spring.jpa.open-in-view to disable this warning
2025-01-29 16:49:20.225  INFO 31140 --- [         task-1] com.zaxxer.hikari.HikariDataSource       : HikariPool-2 - Start completed.
2025-01-29 16:49:20.226  INFO 31140 --- [         task-1] org.hibernate.dialect.Dialect            : HHH000400: Using dialect: org.hibernate.dialect.MySQL5InnoDBDialect
2025-01-29 16:49:20.233 DEBUG 31140 --- [         task-1] o.h.type.spi.TypeConfiguration$Scope     : Scoping TypeConfiguration [org.hibernate.type.spi.TypeConfiguration@46fe8c1] to MetadataBuildingContext [org.hibernate.boot.internal.MetadataBuildingContextRootImpl@c48c2fe]
2025-01-29 16:49:20.250 DEBUG 31140 --- [         task-1] org.hibernate.type.EnumType              : Using NAMED-based conversion for Enum com.quickparkassist.model.Booking$Status
2025-01-29 16:49:20.252 DEBUG 31140 --- [         task-1] org.hibernate.type.EnumType              : Using NAMED-based conversion for Enum com.quickparkassist.model.Booking$Status
2025-01-29 16:49:20.269 DEBUG 31140 --- [         task-1] o.h.type.spi.TypeConfiguration$Scope     : Scoping TypeConfiguration [org.hibernate.type.spi.TypeConfiguration@46fe8c1] to SessionFactoryImpl [org.hibernate.internal.SessionFactoryImpl@45ec09ed]
2025-01-29 16:49:20.322 DEBUG 31140 --- [         task-1] org.hibernate.type.EnumType              : Using NAMED-based conversion for Enum com.quickparkassist.model.Booking$Status
2025-01-29 16:49:20.322 DEBUG 31140 --- [         task-1] org.hibernate.type.EnumType              : Using NAMED-based conversion for Enum com.quickparkassist.model.Booking$Status
2025-01-29 16:49:20.335 DEBUG 31140 --- [         task-1] org.hibernate.type.EnumType              : Using NAMED-based conversion for Enum com.quickparkassist.model.Booking$Status
2025-01-29 16:49:20.335 DEBUG 31140 --- [         task-1] org.hibernate.type.EnumType              : Using NAMED-based conversion for Enum com.quickparkassist.model.Booking$Status
2025-01-29 16:49:20.381 DEBUG 31140 --- [         task-1] org.hibernate.type.EnumType              : Using NAMED-based conversion for Enum com.quickparkassist.model.Booking$Status
2025-01-29 16:49:20.382 DEBUG 31140 --- [         task-1] org.hibernate.type.EnumType              : Using NAMED-based conversion for Enum com.quickparkassist.model.Booking$Status
2025-01-29 16:49:20.467  INFO 31140 --- [         task-1] o.h.e.t.j.p.i.JtaPlatformInitiator       : HHH000490: Using JtaPlatform implementation: [org.hibernate.engine.transaction.jta.platform.internal.NoJtaPlatform]
2025-01-29 16:49:20.468 TRACE 31140 --- [         task-1] o.h.type.spi.TypeConfiguration$Scope     : Handling #sessionFactoryCreated from [org.hibernate.internal.SessionFactoryImpl@45ec09ed] for TypeConfiguration
2025-01-29 16:49:20.468  INFO 31140 --- [         task-1] j.LocalContainerEntityManagerFactoryBean : Initialized JPA EntityManagerFactory for persistence unit 'default'
2025-01-29 16:49:20.618  INFO 31140 --- [           main] o.s.s.web.DefaultSecurityFilterChain     : Creating filter chain: any request, [org.springframework.security.web.context.request.async.WebAsyncManagerIntegrationFilter@adcc76b, org.springframework.security.web.context.SecurityContextPersistenceFilter@54a53878, org.springframework.security.web.header.HeaderWriterFilter@5d920e5c, org.springframework.security.web.authentication.logout.LogoutFilter@57f759c, org.springframework.security.web.authentication.UsernamePasswordAuthenticationFilter@25f32572, org.springframework.security.web.savedrequest.RequestCacheAwareFilter@2a2b8b5b, org.springframework.security.web.servletapi.SecurityContextHolderAwareRequestFilter@670690ac, org.springframework.security.web.authentication.AnonymousAuthenticationFilter@1b2d3b40, org.springframework.security.web.session.SessionManagementFilter@2117cd59, org.springframework.security.web.access.ExceptionTranslationFilter@27bb397e, org.springframework.security.web.access.intercept.FilterSecurityInterceptor@7bc08b02]
2025-01-29 16:49:20.667  INFO 31140 --- [           main] o.s.b.a.w.s.WelcomePageHandlerMapping    : Adding welcome page template: index
2025-01-29 16:49:20.773  WARN 31140 --- [           main] ConfigServletWebServerApplicationContext : Exception encountered during context initialization - cancelling refresh attempt: org.springframework.context.ApplicationContextException: Failed to start bean 'webServerStartStop'; nested exception is org.springframework.boot.web.server.PortInUseException: Port 8082 is already in use
2025-01-29 16:49:20.780  INFO 31140 --- [           main] j.LocalContainerEntityManagerFactoryBean : Closing JPA EntityManagerFactory for persistence unit 'default'
2025-01-29 16:49:20.780 TRACE 31140 --- [           main] o.h.type.spi.TypeConfiguration$Scope     : Handling #sessionFactoryClosed from [org.hibernate.internal.SessionFactoryImpl@45ec09ed] for TypeConfiguration
2025-01-29 16:49:20.780 DEBUG 31140 --- [           main] o.h.type.spi.TypeConfiguration$Scope     : Un-scoping TypeConfiguration [org.hibernate.type.spi.TypeConfiguration$Scope@78bfa54] from SessionFactory [org.hibernate.internal.SessionFactoryImpl@45ec09ed]
2025-01-29 16:49:20.786  INFO 31140 --- [           main] o.s.s.concurrent.ThreadPoolTaskExecutor  : Shutting down ExecutorService 'applicationTaskExecutor'
2025-01-29 16:49:20.786  INFO 31140 --- [           main] com.zaxxer.hikari.HikariDataSource       : HikariPool-2 - Shutdown initiated...
2025-01-29 16:49:20.803  INFO 31140 --- [           main] com.zaxxer.hikari.HikariDataSource       : HikariPool-2 - Shutdown completed.
2025-01-29 16:49:20.806  INFO 31140 --- [           main] o.apache.catalina.core.StandardService   : Stopping service [Tomcat]
2025-01-29 16:49:20.822  INFO 31140 --- [           main] ConditionEvaluationReportLoggingListener : 

Error starting ApplicationContext. To display the conditions report re-run your application with 'debug' enabled.
2025-01-29 16:49:20.829 ERROR 31140 --- [           main] o.s.b.d.LoggingFailureAnalysisReporter   : 

***************************
APPLICATION FAILED TO START
***************************

Description:

Web server failed to start. Port 8082 was already in use.

Action:

Identify and stop the process that's listening on port 8082 or configure this application to listen on another port.

]]></system-out>
  </testcase>
  <testcase name="contextLoads" classname="com.quickparkassist.QuickParkAssistApplicationTests" time="0.003"/>
</testsuite>